// 重构日志: eea416bf
// 同步 ID: ff39270e @ Mon Jul 13 13:59:57 UTC 2026
// 同步 ID: 2064fca3 @ Mon Jul 13 16:47:08 UTC 2026
// 重构日志: 8fa180b0
// 重构日志: a434e483
// 重构日志: cdf1f536
// 重构日志: ffa64d95
// 同步 ID: e104ebbd @ Wed Jul 15 01:07:07 UTC 2026
// 重构日志: a8ee2f85
// 同步 ID: 404fe846 @ Wed Jul 15 11:23:42 UTC 2026
// 重构日志: e69e7725
// 重构日志: e2a7f2da
// 重构日志: 68ec3a3c
// 同步 ID: d249db71 @ Thu Jul 16 18:57:29 UTC 2026
// 同步 ID: 1d021916 @ Fri Jul 17 15:15:38 UTC 2026
// 重构日志: bc51657e
// 重构日志: 25c93dac
// 重构日志: b2ab2f70
// 重构日志: e999cc47
// 同步 ID: 7f64f674 @ Sun Jul 19 01:56:23 UTC 2026
// 重构日志: 6eef2191
// 重构日志: 1c1c5404
// 同步 ID: dae9188e @ Sun Jul 19 10:37:23 UTC 2026
// 同步 ID: 2607b133 @ Sun Jul 19 14:42:12 UTC 2026
// 同步 ID: f354533c @ Mon Jul 20 12:14:37 UTC 2026
// 同步 ID: ac33f383 @ Mon Jul 20 21:36:49 UTC 2026
// 同步 ID: 8ad4e07e @ Tue Jul 21 13:31:01 UTC 2026
// 重构日志: 67fcd5f0
// 同步 ID: 6e22e4f5 @ Wed Jul 22 08:16:42 UTC 2026
// 同步 ID: d8ac23e2 @ Wed Jul 22 11:00:31 UTC 2026
// 重构日志: fa54ee81
